AST Dump for function main
LIST(
 FOR
 INIT:
  ASSIGNMENT
   stab_var name=i def @hello_100.c:2
   CONSTANT: (type=int) 0
 COND:
  BINARY OP <
   stab_var name=i def @hello_100.c:2
   CONSTANT: (type=int) 100
 INCR:
  UNARY OP POSTINC
   stab_var name=i def @hello_100.c:2
 BODY:
  LIST(
   FNCALL, 2 arguments
    stab_fn name=printf def @hello_100.c:1
   ARGS
     STRING: (size=15)%d Hello world

     stab_var name=i def @hello_100.c:2
  )
 RETURN:
  CONSTANT: (type=int) 0
)
.BB1.1:
	i{global} = MOV	0
	BR	.BB1.4
.BB1.4:
	CMP	i{global}	,100
	BRLT	.BB1.5, .BB1.2
.BB1.2:
	ARG	1	,i{global}
	ARG	0	,.string_0
	%T00001 = CALL	$printf	,2
	BR	.BB1.3
.BB1.3:
	%T00002 = MOV	i{global}
	i{global} = ADD	i{global}	,1
	BR	.BB1.4
.BB1.5:
	RETURN	0
