AST Dump for function main
LIST(
 ASSIGNMENT
  stab_var name=a def @test.c:1
  BINARY OP +
   stab_var name=a def @test.c:1
   stab_var name=b def @test.c:2
 ASSIGNMENT
  stab_var name=k def @test.c:6
  BINARY OP +
   stab_var name=a def @test.c:1
   stab_var name=b def @test.c:2
 RETURN:
)
.BB1.1:
	a{global} = ADD	a{global}	,b{global}
	k{lvar} = ADD	a{global}	,b{global}
	RETURN
AST Dump for function g
LIST(
 ASSIGNMENT
  stab_var name=j def @test.c:12
  CONSTANT: (type=int) 2
 RETURN:
)
.BB2.1:
	j.1{static} = MOV	2
	RETURN
